UVM_ERROR /grault/xyzzy.svh(1) @ 7 us: uvm_test_top.garply.corge.plugh.bar.thud.qux [grault] corge plugh baz waldo thud grault quux qux foo bar garply fred
UVM_INFO /xyzzy/garply/bar/thud/plugh/grault/foo.svh(2) @ 14 us: uvm_test_top.fred.waldo.corge.xyzzy.garply.qux.quux.foo.thud.plugh [grault] waldo corge garply foo bar grault qux quux baz xyzzy plugh
UVM_INFO /thud/xyzzy/quux/baz/qux/bar.svh(3) @ 19 us: uvm_test_top.quux.corge.bar.xyzzy.waldo.grault.plugh.garply.fred.baz [corge] waldo fred corge thud quux qux bar garply
UVM_INFO /qux.svh(4) @ 28 us: uvm_test_top.thud [grault] waldo garply grault xyzzy bar fred baz qux corge plugh
UVM_INFO /foo/xyzzy/garply/fred/qux/grault.svh(5) @ 35 us: uvm_test_top.bar.corge.xyzzy.grault.qux.foo.waldo.garply.quux [corge] corge foo quux baz garply xyzzy thud plugh qux waldo bar grault
UVM_INFO /plugh/fred/qux/thud/bar/waldo/grault/xyzzy/garply.svh(6) @ 41 us: uvm_test_top.corge.waldo.bar.foo.plugh.grault [thud] qux plugh waldo fred baz garply grault quux bar foo thud xyzzy
UVM_ERROR /grault/baz/corge/foo/waldo/quux/plugh/xyzzy/fred/thud.svh(7) @ 47 us: uvm_test_top.bar.fred.corge.baz.grault.thud.qux [qux] foo baz fred
UVM_INFO /foo/fred/xyzzy/corge.svh(8) @ 49 us: uvm_test_top.thud.quux.grault.garply.xyzzy.plugh.baz.corge.qux.fred.bar.foo.waldo [plugh] plugh bar quux
UVM_INFO /waldo/xyzzy/qux/corge/thud.svh(9) @ 58 us: uvm_test_top.bar.quux.thud.foo.waldo.garply.fred.baz.qux [qux] bar thud quux waldo grault baz
UVM_ERROR /qux/garply/plugh/waldo/fred/xyzzy/foo/bar/baz/grault/corge.svh(10) @ 68 us: uvm_test_top.qux.bar.corge [grault] thud grault fred foo corge quux bar qux waldo xyzzy
UVM_INFO /waldo/foo/garply/baz/xyzzy/bar/corge/plugh/thud.svh(11) @ 78 us: uvm_test_top.xyzzy.fred.waldo.plugh.quux [garply] grault bar garply waldo baz qux plugh xyzzy thud fred foo
UVM_INFO /quux/garply.svh(12) @ 83 us: uvm_test_top.plugh.fred [xyzzy] quux thud qux grault fred garply plugh baz corge xyzzy
UVM_WARNING /qux.svh(13) @ 87 us: uvm_test_top.baz.corge.grault.bar.xyzzy.thud.fred.qux.quux.foo.plugh [fred] bar grault quux qux xyzzy plugh garply thud fred foo corge
UVM_WARNING /baz.svh(14) @ 89 us: uvm_test_top.plugh.qux.grault.baz.bar.garply [waldo] fred garply plugh thud qux bar waldo foo quux
UVM_INFO /waldo/foo/corge/bar/qux/plugh.svh(15) @ 93 us: uvm_test_top.fred [xyzzy] fred baz xyzzy
UVM_INFO /garply/quux/grault/xyzzy/qux/bar/plugh/foo.svh(16) @ 100 us: uvm_test_top.fred.grault.plugh.waldo.quux.garply.baz.corge.foo.bar.thud [quux] plugh thud corge garply grault baz qux
UVM_ERROR /bar/waldo/quux/baz.svh(17) @ 110 us: uvm_test_top.quux.baz.grault.garply.bar.qux.thud.xyzzy.waldo.foo [grault] bar thud grault garply baz qux quux xyzzy waldo foo plugh fred
UVM_INFO /garply/grault/thud/xyzzy/qux/plugh.svh(18) @ 114 us: uvm_test_top.fred [waldo] foo garply bar plugh baz corge fred xyzzy grault qux waldo
UVM_INFO /fred/bar/grault/quux/qux.svh(19) @ 115 us: uvm_test_top.waldo.corge.quux.thud.xyzzy.fred.foo.grault.plugh.bar.garply.qux.baz [fred] plugh quux baz waldo xyzzy grault bar thud fred corge qux
UVM_INFO /xyzzy.svh(20) @ 118 us: uvm_test_top.fred [baz] corge thud quux baz garply waldo bar plugh xyzzy qux foo
UVM_INFO /thud/corge.svh(21) @ 127 us: uvm_test_top.baz.fred.garply.grault.bar.waldo.foo.corge.thud.qux.quux.plugh.xyzzy [grault] bar plugh thud xyzzy garply corge quux fred foo qux
UVM_INFO /corge/quux/garply/waldo/xyzzy/baz/bar/fred/thud.svh(22) @ 129 us: uvm_test_top.corge.plugh [quux] fred quux xyzzy baz plugh waldo foo grault qux thud
UVM_INFO /thud/baz/waldo/grault/quux/corge/garply/bar/foo/qux.svh(23) @ 132 us: uvm_test_top.foo.corge.garply.grault [grault] bar foo plugh quux xyzzy thud qux fred grault corge baz garply waldo
UVM_INFO /garply/xyzzy/quux/waldo/baz/corge/grault/plugh.svh(24) @ 138 us: uvm_test_top.baz.xyzzy.fred.grault.waldo.corge.plugh.garply.quux [xyzzy] grault waldo fred qux corge plugh foo thud bar baz xyzzy garply
UVM_ERROR /foo/thud/baz.svh(25) @ 142 us: uvm_test_top.xyzzy [waldo] fred bar waldo quux corge xyzzy grault qux
UVM_INFO /bar.svh(26) @ 143 us: uvm_test_top.grault.thud.baz.bar.foo.qux.waldo.garply.quux.xyzzy.plugh.fred [bar] waldo garply fred xyzzy qux
UVM_ERROR /qux/grault/garply/thud/bar/corge/fred/plugh/baz/quux.svh(27) @ 144 us: uvm_test_top.corge.plugh.waldo.quux.baz.thud.grault.qux.xyzzy.fred.bar [plugh] thud fred garply bar qux plugh foo
UVM_INFO /fred/waldo/grault/xyzzy/plugh/foo.svh(28) @ 146 us: uvm_test_top.plugh.quux.waldo [bar] corge fred baz quux foo garply plugh grault waldo thud xyzzy qux
UVM_INFO /garply/quux/grault.svh(29) @ 152 us: uvm_test_top.plugh.bar.thud.quux.corge.waldo.xyzzy.garply [qux] grault foo qux baz quux plugh thud corge waldo xyzzy bar garply fred
UVM_INFO /xyzzy/garply/foo/fred.svh(30) @ 153 us: uvm_test_top.grault.quux [foo] quux garply xyzzy fred waldo baz qux plugh bar foo thud grault corge
UVM_ERROR /waldo/qux/garply/fred/quux/corge/baz/thud/foo/grault/plugh.svh(31) @ 163 us: uvm_test_top.plugh.corge.garply.xyzzy.quux [fred] fred waldo thud grault
UVM_INFO /plugh/fred/baz/foo/bar/garply/thud/qux.svh(32) @ 164 us: uvm_test_top.quux.foo.xyzzy.bar.grault.baz.fred.plugh.thud.waldo.corge.garply.qux [xyzzy] thud grault fred waldo xyzzy corge foo baz garply qux quux plugh
UVM_INFO /grault/xyzzy.svh(33) @ 169 us: uvm_test_top.corge.baz.foo.fred.quux.thud.qux.waldo.grault.garply.bar.plugh.xyzzy [waldo] quux plugh qux xyzzy thud foo baz grault corge bar garply fred waldo
UVM_INFO /thud/fred/corge/baz/grault/bar.svh(34) @ 171 us: uvm_test_top.quux.fred.corge.grault.foo.qux.bar.thud.waldo.plugh.xyzzy [foo] qux baz corge fred foo
UVM_INFO /qux/grault/waldo/thud/fred/plugh/bar/xyzzy/foo/garply/corge/baz.svh(35) @ 181 us: uvm_test_top.garply [plugh] waldo grault baz bar thud corge quux plugh garply foo fred qux
UVM_WARNING /fred/corge/baz/bar/xyzzy/waldo/garply.svh(36) @ 184 us: uvm_test_top.waldo.xyzzy.plugh.garply.quux.bar.corge.thud.baz.qux.foo.fred [baz] xyzzy plugh thud baz garply bar corge fred qux quux grault
UVM_INFO /fred.svh(37) @ 194 us: uvm_test_top.qux.plugh.foo.xyzzy.bar.quux.corge [bar] baz grault fred bar garply thud quux qux corge foo plugh xyzzy waldo
UVM_INFO /fred/quux/waldo/xyzzy/foo/bar.svh(38) @ 196 us: uvm_test_top.thud.quux.foo.garply.grault.corge.qux.bar.baz.plugh.waldo.fred.xyzzy [waldo] plugh bar qux thud garply foo xyzzy corge fred grault
UVM_INFO /bar.svh(39) @ 205 us: uvm_test_top.bar.thud.qux.corge [corge] grault waldo garply corge plugh xyzzy bar quux foo baz
UVM_INFO /garply/waldo/corge/quux/baz.svh(40) @ 208 us: uvm_test_top.qux.waldo.plugh.xyzzy.foo.fred.grault.garply.baz.quux.thud.bar [bar] fred plugh quux foo thud garply corge qux baz grault waldo bar
UVM_INFO /bar/quux/foo/waldo/corge/fred/thud/garply.svh(41) @ 215 us: uvm_test_top.fred.thud [corge] qux baz waldo quux xyzzy foo fred grault bar corge plugh
UVM_INFO /quux.svh(42) @ 218 us: uvm_test_top.baz.thud.foo.garply [waldo] plugh quux corge
UVM_INFO /qux/foo/plugh/garply/bar/baz/quux/waldo.svh(43) @ 223 us: uvm_test_top.plugh.foo.corge.quux.qux.baz.fred.grault.thud.waldo.garply.xyzzy [grault] waldo qux foo bar xyzzy baz quux corge grault fred thud plugh
UVM_INFO /fred/qux/thud/corge/grault/plugh.svh(44) @ 225 us: uvm_test_top.plugh.baz.grault.quux.qux.garply.waldo [quux] bar qux xyzzy foo garply corge quux baz
UVM_ERROR /xyzzy/foo.svh(45) @ 234 us: uvm_test_top.qux.baz.thud.grault.plugh.bar.waldo [waldo] xyzzy fred qux foo grault baz corge quux thud
UVM_INFO /xyzzy/qux/plugh/garply/corge/quux/thud/waldo/foo/fred.svh(46) @ 241 us: uvm_test_top.plugh.foo.baz.xyzzy [waldo] fred xyzzy corge foo qux garply plugh waldo quux baz thud grault
UVM_INFO /grault/bar/thud.svh(47) @ 247 us: uvm_test_top.plugh.quux.qux.corge.fred.bar.waldo.baz.thud.garply.grault [qux] quux foo grault waldo
UVM_INFO /corge/grault/baz/quux/thud.svh(48) @ 251 us: uvm_test_top.foo.quux.plugh.qux.xyzzy.thud.fred.baz [qux] quux grault baz waldo xyzzy corge
UVM_INFO /corge/baz/qux/fred/xyzzy.svh(49) @ 255 us: uvm_test_top.corge.quux.xyzzy.bar.plugh.garply.baz.grault.qux.fred [plugh] qux waldo xyzzy plugh corge bar fred garply baz foo quux
UVM_INFO /xyzzy/quux/baz/waldo/bar/garply/qux/corge.svh(50) @ 260 us: uvm_test_top.waldo.thud.fred.plugh.qux.foo.corge.quux.grault.xyzzy.baz [thud] bar waldo fred baz thud qux corge garply quux foo plugh grault
UVM_ERROR /xyzzy/fred/foo/grault/waldo/thud/bar/quux/qux/corge/baz.svh(51) @ 263 us: uvm_test_top.plugh.baz.grault.xyzzy [baz] fred plugh thud qux foo bar quux
UVM_INFO /foo/fred/waldo/quux.svh(52) @ 264 us: uvm_test_top.foo.qux.plugh [qux] thud garply fred quux grault bar plugh
UVM_INFO /grault/xyzzy/plugh/qux/thud/garply/baz/bar/waldo/quux.svh(53) @ 271 us: uvm_test_top.baz [plugh] quux grault baz thud xyzzy garply plugh foo
UVM_INFO /garply/waldo/xyzzy/grault/corge/qux/quux.svh(54) @ 281 us: uvm_test_top.bar.qux.quux.garply.waldo.foo.corge.grault.thud.plugh.fred [corge] garply corge plugh baz qux fred quux thud bar waldo
UVM_INFO /baz/garply/quux.svh(55) @ 287 us: uvm_test_top.qux.grault.foo.fred.garply.waldo.xyzzy [foo] garply xyzzy grault plugh foo baz qux fred waldo thud
UVM_INFO /waldo/qux/xyzzy/baz/grault/plugh/bar/thud/foo/quux.svh(56) @ 293 us: uvm_test_top.bar.baz.plugh.foo.xyzzy.corge.thud.qux.grault.quux.waldo [thud] fred qux bar baz quux thud xyzzy garply waldo foo corge plugh grault
UVM_WARNING /foo/quux/thud/corge/qux/plugh.svh(57) @ 296 us: uvm_test_top.plugh.baz.garply.thud.xyzzy.quux [grault] thud fred garply grault plugh xyzzy
UVM_INFO /thud/baz/fred/xyzzy/foo/grault/quux/qux/plugh.svh(58) @ 303 us: uvm_test_top.foo.baz.bar.garply.plugh.xyzzy.fred.grault.quux.qux.waldo.thud [garply] foo baz fred waldo grault quux plugh thud qux xyzzy corge
UVM_INFO /garply/baz/foo/thud/grault/quux/xyzzy/plugh/qux/waldo/corge.svh(59) @ 309 us: uvm_test_top.waldo.baz.garply.quux.bar.thud.grault.plugh.qux.corge.xyzzy.fred.foo [thud] qux grault baz plugh quux xyzzy corge waldo foo fred thud bar
UVM_INFO /quux/corge/grault/qux/thud/plugh/garply/xyzzy.svh(60) @ 312 us: uvm_test_top.plugh.waldo.corge.xyzzy [foo] quux bar qux foo waldo plugh garply fred xyzzy baz grault thud corge
UVM_INFO /garply/baz/foo/quux/fred/plugh/grault/xyzzy.svh(61) @ 315 us: uvm_test_top.foo.thud.baz.qux.plugh.xyzzy [grault] quux thud corge
UVM_INFO /bar/xyzzy.svh(62) @ 316 us: uvm_test_top.fred.corge.garply.plugh.thud.grault.quux.baz [fred] quux plugh waldo foo baz bar fred
UVM_ERROR /grault/waldo/plugh/baz/qux/bar/quux/fred/garply/thud/foo.svh(63) @ 320 us: uvm_test_top.xyzzy.fred.qux.quux.thud.corge.foo.plugh.garply.bar.baz.grault.waldo [qux] grault thud xyzzy baz waldo corge
UVM_INFO /plugh/foo/baz/corge/waldo/thud/quux/fred/xyzzy/qux/garply.svh(64) @ 322 us: uvm_test_top.xyzzy.fred.garply.foo [thud] baz fred foo xyzzy thud corge quux
UVM_INFO /baz/waldo/xyzzy/thud/fred/bar/garply/qux.svh(65) @ 323 us: uvm_test_top.xyzzy.grault.foo.baz.corge.waldo [fred] grault quux plugh
UVM_INFO /qux.svh(66) @ 325 us: uvm_test_top.waldo.foo.grault.quux.fred.qux.bar.corge.garply.baz.plugh [thud] garply qux xyzzy
UVM_WARNING /qux/fred/foo/grault/baz/thud/quux/waldo.svh(67) @ 334 us: uvm_test_top.thud.grault.baz.corge.plugh.fred.waldo.qux.xyzzy.garply.bar.foo [plugh] quux xyzzy bar thud grault waldo plugh corge qux foo
UVM_INFO /plugh/xyzzy/thud/foo.svh(68) @ 343 us: uvm_test_top.baz.plugh.fred.corge.foo.grault.bar.qux.quux.waldo [grault] xyzzy baz corge foo qux bar fred waldo plugh quux grault thud garply
UVM_INFO /waldo/bar/xyzzy.svh(69) @ 352 us: uvm_test_top.qux.plugh.foo.fred.waldo.corge.thud.baz.garply.xyzzy.bar.quux.grault [waldo] baz corge garply plugh xyzzy bar
UVM_ERROR /corge/fred/thud.svh(70) @ 354 us: uvm_test_top.foo.baz.xyzzy.waldo.thud.grault [garply] xyzzy foo fred quux corge thud bar
UVM_INFO /thud/quux/fred/bar/xyzzy/garply/grault.svh(71) @ 358 us: uvm_test_top.plugh.xyzzy.fred.corge.qux.garply.foo.baz.thud.quux.grault [plugh] garply plugh corge qux foo
UVM_INFO /corge/qux/bar/waldo/foo/xyzzy/plugh/quux.svh(72) @ 365 us: uvm_test_top.garply [baz] xyzzy corge baz fred qux bar foo grault quux thud plugh waldo
UVM_INFO /plugh.svh(73) @ 369 us: uvm_test_top.grault.quux.fred.bar.waldo.plugh.foo.xyzzy.corge [foo] qux thud foo corge bar plugh
UVM_ERROR /fred/baz/corge.svh(74) @ 370 us: uvm_test_top.thud.waldo.xyzzy.grault.plugh [plugh] garply foo xyzzy grault quux bar plugh baz qux waldo corge
UVM_INFO /waldo/quux.svh(75) @ 371 us: uvm_test_top.waldo.grault.thud.xyzzy.baz.corge.foo.qux [quux] garply qux foo
UVM_INFO /xyzzy/plugh.svh(76) @ 380 us: uvm_test_top.foo.bar.fred.xyzzy.grault.quux.baz.corge.waldo.qux.garply [fred] qux grault baz thud
UVM_INFO /foo.svh(77) @ 387 us: uvm_test_top.garply [plugh] thud waldo bar fred baz garply plugh xyzzy grault quux corge
UVM_FATAL /qux/quux/grault/waldo.svh(78) @ 394 us: uvm_test_top.quux.xyzzy.fred.foo.corge [garply] quux baz thud fred grault plugh qux foo xyzzy
